<?xml version="1.0" encoding="UTF-8"?>
<testng-results total="1" passed="1" failed="0" skipped="0">
  <reporter-output>
  </reporter-output>
  <suite started-at="2023-06-02T09:48:36Z" name="Default suite" finished-at="2023-06-02T09:49:56Z" duration-ms="80184">
    <groups>
    </groups>
    <test started-at="2023-06-02T09:48:36Z" name="Default test" finished-at="2023-06-02T09:49:56Z" duration-ms="80184">
      <class name="com.practice.Day7_3">
        <test-method is-config="true" signature="beforeMethod()[pri:0, instance:com.practice.Day7_3@1caa0244]" started-at="2023-06-02T15:18:36Z" name="beforeMethod" finished-at="2023-06-02T15:19:46Z" duration-ms="70095" status="PASS">
          <reporter-output>
          </reporter-output>
        </test-method> <!-- beforeMethod -->
        <test-method signature="underMethod()[pri:0, instance:com.practice.Day7_3@1caa0244]" started-at="2023-06-02T15:19:46Z" name="underMethod" finished-at="2023-06-02T15:19:56Z" duration-ms="9810" status="PASS">
          <reporter-output>
          </reporter-output>
        </test-method> <!-- underMethod -->
        <test-method is-config="true" signature="afterMethod()[pri:0, instance:com.practice.Day7_3@1caa0244]" started-at="2023-06-02T15:19:56Z" name="afterMethod" finished-at="2023-06-02T15:19:56Z" duration-ms="263" status="PASS">
          <reporter-output>
          </reporter-output>
        </test-method> <!-- afterMethod -->
      </class> <!-- com.practice.Day7_3 -->
    </test> <!-- Default test -->
  </suite> <!-- Default suite -->
</testng-results>
